Parsed test spec with 3 sessions

starting permutation: s1_begin s1_child s2_del_parent s1_commit s2_children
step s1_begin: BEGIN;
step s1_child: INSERT INTO heap_child VALUES (100, 1);
step s2_del_parent: DELETE FROM cs_parent WHERE id = 1; <waiting ...>
step s1_commit: COMMIT;
step s2_del_parent: <... completed>
ERROR:  update or delete on table "cs_parent" violates foreign key constraint "heap_child_parent_id_fkey" on table "heap_child"
step s2_children: SELECT count(*) FROM heap_child WHERE parent_id = 1;
count
-----
    1
(1 row)


starting permutation: s0_vacuum s1_begin s1_child s2_del_parent s1_commit s2_children
step s0_vacuum: VACUUM cs_parent;
step s1_begin: BEGIN;
step s1_child: INSERT INTO heap_child VALUES (100, 1);
step s2_del_parent: DELETE FROM cs_parent WHERE id = 1; <waiting ...>
step s1_commit: COMMIT;
step s2_del_parent: <... completed>
ERROR:  update or delete on table "cs_parent" violates foreign key constraint "heap_child_parent_id_fkey" on table "heap_child"
step s2_children: SELECT count(*) FROM heap_child WHERE parent_id = 1;
count
-----
    1
(1 row)

