Parsed test spec with 2 sessions

starting permutation: s1_begin s1_open s1_fetch3 s2_vacuum s1_rest s1_commit s2_count
step s1_begin: BEGIN;
step s1_open: DECLARE cur CURSOR FOR SELECT id FROM cs_idxwin ORDER BY id;
step s1_fetch3: FETCH 3 FROM cur;
id
--
 1
 2
 3
(3 rows)

step s2_vacuum: VACUUM cs_idxwin; <waiting ...>
step s1_rest: FETCH ALL FROM cur;
id
--
 4
 5
 6
 7
 8
 9
10
11
12
13
14
15
16
17
18
19
20
21
22
23
24
25
26
27
28
29
30
(27 rows)

step s1_commit: COMMIT;
step s2_vacuum: <... completed>
step s2_count: SELECT count(*) FROM cs_idxwin;
count
-----
   30
(1 row)

