--
-- Columnstore scan path tests: point reads, column projection, COUNT(*) fast path
--
-- ===================================================================
-- Column projection on wide table
-- ===================================================================
CREATE TABLE cs_proj (
    c1 int, c2 int, c3 int, c4 int, c5 int,
    c6 int, c7 int, c8 int, c9 int, c10 int,
    c11 int, c12 int, c13 int, c14 int, c15 int,
    c16 int, c17 int, c18 int, c19 int, c20 int
) USING columnstore;
INSERT INTO cs_proj SELECT
    i, i+1, i+2, i+3, i+4, i+5, i+6, i+7, i+8, i+9,
    i+10, i+11, i+12, i+13, i+14, i+15, i+16, i+17, i+18, i+19
    FROM generate_series(1, 1000) i;
VACUUM cs_proj;
-- Access only first and last columns (should skip 18 in the middle)
SELECT c1, c20 FROM cs_proj WHERE c1 = 500;
 c1  | c20 
-----+-----
 500 | 519
(1 row)

-- Access only middle column
SELECT c10 FROM cs_proj WHERE c1 = 1;
 c10 
-----
  10
(1 row)

-- Access all columns for one row
SELECT * FROM cs_proj WHERE c1 = 999;
 c1  |  c2  |  c3  |  c4  |  c5  |  c6  |  c7  |  c8  |  c9  | c10  | c11  | c12  | c13  | c14  | c15  | c16  | c17  | c18  | c19  | c20  
-----+------+------+------+------+------+------+------+------+------+------+------+------+------+------+------+------+------+------+------
 999 | 1000 | 1001 | 1002 | 1003 | 1004 | 1005 | 1006 | 1007 | 1008 | 1009 | 1010 | 1011 | 1012 | 1013 | 1014 | 1015 | 1016 | 1017 | 1018
(1 row)

DROP TABLE cs_proj;
-- ===================================================================
-- Sequential scan with filter on various encodings
-- ===================================================================
CREATE TABLE cs_scan_filter (
    id int,
    v_for int,      -- FOR-encoded
    v_ni64 numeric(10,2), -- NI64
    v_dict text,    -- dictionary
    v_plain text    -- plain
) USING columnstore;
INSERT INTO cs_scan_filter SELECT
    i,
    1000 + (i % 50),
    (i * 0.99)::numeric(10,2),
    'cat_' || (i % 20),
    'unique_' || i
    FROM generate_series(1, 2000) i;
VACUUM cs_scan_filter;
-- Filter on FOR column
SELECT count(*) FROM cs_scan_filter WHERE v_for = 1025;
 count 
-------
    40
(1 row)

-- Filter on NI64 column
SELECT count(*) FROM cs_scan_filter WHERE v_ni64 < 10.00;
 count 
-------
    10
(1 row)

-- Filter on dict column
SELECT count(*) FROM cs_scan_filter WHERE v_dict = 'cat_0';
 count 
-------
   100
(1 row)

-- Filter on plain column
SELECT id FROM cs_scan_filter WHERE v_plain = 'unique_1000';
  id  
------
 1000
(1 row)

DROP TABLE cs_scan_filter;
-- ===================================================================
-- COUNT(*) fast path correctness
-- ===================================================================
-- Pure columnar, no deletions
CREATE TABLE cs_cnt (id int) USING columnstore;
INSERT INTO cs_cnt SELECT i FROM generate_series(1, 2000) i;
VACUUM cs_cnt;
SELECT count(*) AS pure FROM cs_cnt;
 pure 
------
 2000
(1 row)

-- Mixed delta + columnar
INSERT INTO cs_cnt SELECT i FROM generate_series(3000, 3100) i;
SELECT count(*) AS mixed FROM cs_cnt;
 mixed 
-------
  2101
(1 row)

-- With filter (not pure COUNT(*) fast path)
SELECT count(*) AS filtered FROM cs_cnt WHERE id > 1000;
 filtered 
----------
     1101
(1 row)

DROP TABLE cs_cnt;
-- ===================================================================
-- Scan with all-NULL column
-- ===================================================================
CREATE TABLE cs_scan_allnull (id int, v int) USING columnstore;
INSERT INTO cs_scan_allnull SELECT i, NULL FROM generate_series(1, 500) i;
VACUUM cs_scan_allnull;
SELECT count(*) FROM cs_scan_allnull;
 count 
-------
   500
(1 row)

SELECT count(v) FROM cs_scan_allnull;
 count 
-------
     0
(1 row)

SELECT count(*) FROM cs_scan_allnull WHERE v IS NULL;
 count 
-------
   500
(1 row)

SELECT count(*) FROM cs_scan_allnull WHERE v IS NOT NULL;
 count 
-------
     0
(1 row)

DROP TABLE cs_scan_allnull;
