Parsed test spec with 2 sessions

starting permutation: s1_begin s1_insert s2_vacuum s1_commit s2_count
step s1_begin: BEGIN;
step s1_insert: INSERT INTO cs_inflight SELECT i, 'new_' || i
                       FROM generate_series(101, 150) i;
step s2_vacuum: VACUUM cs_inflight;
step s1_commit: COMMIT;
step s2_count: SELECT count(*) FROM cs_inflight;
count
-----
  150
(1 row)


starting permutation: s1_begin s1_delete s2_vacuum s1_commit s2_count
step s1_begin: BEGIN;
step s1_delete: DELETE FROM cs_inflight WHERE id <= 10;
step s2_vacuum: VACUUM cs_inflight;
step s1_commit: COMMIT;
step s2_count: SELECT count(*) FROM cs_inflight;
count
-----
   90
(1 row)

